timestamp: 2024-03-05T19:06:31.671568
CREATE TABLE "auth_user"(
    "id" INTEGER PRIMARY KEY AUTOINCREMENT,
    "first_name" CHAR(128),
    "last_name" CHAR(128),
    "email" CHAR(512),
    "password" CHAR(512),
    "registration_key" CHAR(512),
    "reset_password_key" CHAR(512),
    "registration_id" CHAR(512)
);
success!
timestamp: 2024-03-05T19:06:31.899851
CREATE TABLE "auth_group"(
    "id" INTEGER PRIMARY KEY AUTOINCREMENT,
    "role" CHAR(512),
    "description" TEXT
);
success!
timestamp: 2024-03-05T19:06:31.976035
CREATE TABLE "auth_membership"(
    "id" INTEGER PRIMARY KEY AUTOINCREMENT,
    "user_id" INTEGER REFERENCES "auth_user" ("id") ON DELETE CASCADE ON UPDATE CASCADE  ,
    "group_id" INTEGER REFERENCES "auth_group" ("id") ON DELETE CASCADE ON UPDATE CASCADE  
);
success!
timestamp: 2024-03-05T19:06:32.058972
CREATE TABLE "auth_permission"(
    "id" INTEGER PRIMARY KEY AUTOINCREMENT,
    "group_id" INTEGER REFERENCES "auth_group" ("id") ON DELETE CASCADE ON UPDATE CASCADE  ,
    "name" CHAR(512),
    "table_name" CHAR(512),
    "record_id" INTEGER
);
success!
timestamp: 2024-03-05T19:06:32.132657
CREATE TABLE "auth_event"(
    "id" INTEGER PRIMARY KEY AUTOINCREMENT,
    "time_stamp" TIMESTAMP,
    "client_ip" CHAR(512),
    "user_id" INTEGER REFERENCES "auth_user" ("id") ON DELETE CASCADE ON UPDATE CASCADE  ,
    "origin" CHAR(512),
    "description" TEXT
);
success!
timestamp: 2024-03-05T19:06:32.206677
CREATE TABLE "auth_cas"(
    "id" INTEGER PRIMARY KEY AUTOINCREMENT,
    "user_id" INTEGER REFERENCES "auth_user" ("id") ON DELETE CASCADE ON UPDATE CASCADE  ,
    "created_on" TIMESTAMP,
    "service" CHAR(512),
    "ticket" CHAR(512),
    "renew" CHAR(1)
);
success!
timestamp: 2024-03-09T12:53:03.831024
CREATE TABLE "estudiante"(
    "id" SERIAL PRIMARY KEY,
    "nombres" VARCHAR(512),
    "apellidos" VARCHAR(512),
    "tipodoc" VARCHAR(512),
    "numerodoc" VARCHAR(512)
);
success!
timestamp: 2024-03-10T10:23:22.394797
CREATE TABLE "estudiante"(
    "id" SERIAL PRIMARY KEY,
    "nombres" VARCHAR(512),
    "apellidos" VARCHAR(512),
    "tipodoc" VARCHAR(512),
    "numerodoc" VARCHAR(512)
);
success!
timestamp: 2024-03-12T22:38:52.127002
ALTER TABLE "estudiante" ADD "grado" VARCHAR(512);
success!
timestamp: 2024-03-14T21:11:33.664689
ALTER TABLE "estudiante" ADD "fecnacest" VARCHAR(512);
success!
timestamp: 2024-03-14T21:17:44.169132
ALTER TABLE "estudiante" ADD "fecnacest__tmp" TIMESTAMP;
UPDATE "estudiante" SET "fecnacest__tmp"="fecnacest";
timestamp: 2024-03-14T21:28:10.935944
ALTER TABLE "estudiante" ADD "fecnacest__tmp" TIMESTAMP;
UPDATE "estudiante" SET "fecnacest__tmp"="fecnacest";
timestamp: 2024-03-14T21:29:46.230213
ALTER TABLE "estudiante" ADD "fecnacest__tmp" TIMESTAMP;
UPDATE "estudiante" SET "fecnacest__tmp"="fecnacest";
timestamp: 2024-03-14T21:34:47.869580
ALTER TABLE "estudiante" DROP COLUMN "fecnacest";
success!
timestamp: 2024-03-14T21:36:26.086052
ALTER TABLE "estudiante" ADD "fecnacest" TIMESTAMP;
success!
timestamp: 2024-03-14T21:41:08.782218
ALTER TABLE "estudiante" ADD "fecnacest__tmp" DATE;
UPDATE "estudiante" SET "fecnacest__tmp"="fecnacest";
ALTER TABLE "estudiante" DROP COLUMN "fecnacest";
ALTER TABLE "estudiante" ADD "fecnacest" DATE;
UPDATE "estudiante" SET "fecnacest"="fecnacest__tmp";
ALTER TABLE "estudiante" DROP COLUMN "fecnacest__tmp";
success!
timestamp: 2024-03-14T21:42:49.737218
ALTER TABLE "estudiante" ADD "fecnacest__tmp" TIMESTAMP;
UPDATE "estudiante" SET "fecnacest__tmp"="fecnacest";
ALTER TABLE "estudiante" DROP COLUMN "fecnacest";
ALTER TABLE "estudiante" ADD "fecnacest" TIMESTAMP;
UPDATE "estudiante" SET "fecnacest"="fecnacest__tmp";
ALTER TABLE "estudiante" DROP COLUMN "fecnacest__tmp";
success!
success!
